This is pdfTeX, Version 3.14159265-2.6-1.40.20 (TeX Live 2019) (preloaded format=pdflatex 2020.2.13)  11 APR 2020 02:56
entering extended mode
 restricted \write18 enabled.
 %&-line parsing enabled.
**release.tex
(./release.tex
LaTeX2e <2020-02-02> patch level 1
L3 programming layer <2020-02-11>
(/usr/local/texlive/2019/texmf-dist/tex/latex/exam/exam.cls
Document Class: exam 2017/12/17 Version 2.603 by Philip Hirschhorn
(/usr/local/texlive/2019/texmf-dist/tex/latex/base/ifthen.sty
Package: ifthen 2014/09/29 v1.1c Standard LaTeX ifthen package (DPC)
)
(/usr/local/texlive/2019/texmf-dist/tex/latex/base/article.cls
Document Class: article 2019/12/20 v1.4l Standard LaTeX document class
(/usr/local/texlive/2019/texmf-dist/tex/latex/base/size11.clo
File: size11.clo 2019/12/20 v1.4l Standard LaTeX file (size option)
)
\c@part=\count167
\c@section=\count168
\c@subsection=\count169
\c@subsubsection=\count170
\c@paragraph=\count171
\c@subparagraph=\count172
\c@figure=\count173
\c@table=\count174
\abovecaptionskip=\skip47
\belowcaptionskip=\skip48
\bibindent=\dimen134
)
\@extrawidth=\skip49
\@rightmargin=\skip50
\@extrahead=\skip51
\@extrafoot=\skip52
\run@exhd=\skip53
\fp@exhd=\skip54
\run@exft=\skip55
\fp@exft=\skip56
\covrun@exhd=\skip57
\covfp@exhd=\skip58
\covrun@exft=\skip59
\covfp@exft=\skip60
\c@num@coverpages=\count175
\c@latest@ques=\count176
\c@ques@end=\count177
\c@last@object=\count178
\c@incmp@ques=\count179
\c@next@ques=\count180
\c@next@page=\count181
\c@tmp@hlfcntr=\count182
\c@ifpos@cntr=\count183
\c@question=\count184
\c@partno=\count185
\c@subpart=\count186
\c@subsubpart=\count187
\c@choice=\count188
\c@numpoints=\count189
\c@numbonuspoints=\count190
\c@pointsof@thisquestion=\count191
\c@bonuspointsof@thisquestion=\count192
\c@numquestions=\count193
\c@numparts=\count194
\c@numsubparts=\count195
\c@numsubsubparts=\count196
\c@Curr@Page=\count197
\c@@pagepoints=\count198
\c@@pagebonuspoints=\count199
\c@pageof@pagepoints=\count266
\c@pageof@pagebonuspoints=\count267
\c@latest@points=\count268
\c@latest@bonuspoints=\count269
\pageinfo@commands=\toks14
\temp@toks=\toks15
\pagepoint@commands=\toks16
\point@toks=\toks17
\c@ques@object=\count270
\marginpointssep=\skip61
\rightpointsmargin=\skip62
\choice@toks=\toks18
\answerlinelength=\skip63
\answerskip=\skip64
\answerclearance=\skip65
\fillinlinelength=\skip66
\linefillheight=\skip67
\linefillthickness=\skip68
\dottedlinefillheight=\skip69
\gridsize=\skip70
\gridlinewidth=\skip71
\minboxheight=\skip72
\c@@iterator=\count271
\@cellwidth=\skip73
\c@tbl@points=\count272
\c@tbl@bonuspoints=\count273
\c@pq@index=\count274
\c@pq@index@pts=\count275
\c@pq@index@bpts=\count276
\c@num@cols=\count277
\c@num@rows=\count278
\c@current@row=\count279
\c@cols@done=\count280
\exam@box=\box45
\saved@totalleftmargin=\dimen135
\@sollistdepth=\count281
\exam@FrameRule=\dimen136
\exam@FrameSep=\dimen137
)
(/usr/local/texlive/2019/texmf-dist/tex/latex/geometry/geometry.sty
Package: geometry 2020/01/02 v5.9 Page Geometry

(/usr/local/texlive/2019/texmf-dist/tex/latex/graphics/keyval.sty
Package: keyval 2014/10/28 v1.15 key=value parser (DPC)
\KV@toks@=\toks19
)
(/usr/local/texlive/2019/texmf-dist/tex/generic/iftex/ifvtex.sty
Package: ifvtex 2019/10/25 v1.7 ifvtex legacy package. Use iftex instead.

(/usr/local/texlive/2019/texmf-dist/tex/generic/iftex/iftex.sty
Package: iftex 2019/11/07 v1.0c TeX engine tests
))
\Gm@cnth=\count282
\Gm@cntv=\count283
\c@Gm@tempcnt=\count284
\Gm@bindingoffset=\dimen138
\Gm@wd@mp=\dimen139
\Gm@odd@mp=\dimen140
\Gm@even@mp=\dimen141
\Gm@layoutwidth=\dimen142
\Gm@layoutheight=\dimen143
\Gm@layouthoffset=\dimen144
\Gm@layoutvoffset=\dimen145
\Gm@dimlist=\toks20
)
(/usr/local/texlive/2019/texmf-dist/tex/latex/amsmath/amsmath.sty
Package: amsmath 2020/01/20 v2.17e AMS math features
\@mathmargin=\skip74

For additional information on amsmath, use the `?' option.
(/usr/local/texlive/2019/texmf-dist/tex/latex/amsmath/amstext.sty
Package: amstext 2000/06/29 v2.01 AMS text

(/usr/local/texlive/2019/texmf-dist/tex/latex/amsmath/amsgen.sty
File: amsgen.sty 1999/11/30 v2.0 generic functions
\@emptytoks=\toks21
\ex@=\dimen146
))
(/usr/local/texlive/2019/texmf-dist/tex/latex/amsmath/amsbsy.sty
Package: amsbsy 1999/11/29 v1.2d Bold Symbols
\pmbraise@=\dimen147
)
(/usr/local/texlive/2019/texmf-dist/tex/latex/amsmath/amsopn.sty
Package: amsopn 2016/03/08 v2.02 operator names
)
\inf@bad=\count285
LaTeX Info: Redefining \frac on input line 227.
\uproot@=\count286
\leftroot@=\count287
LaTeX Info: Redefining \overline on input line 389.
\classnum@=\count288
\DOTSCASE@=\count289
LaTeX Info: Redefining \ldots on input line 486.
LaTeX Info: Redefining \dots on input line 489.
LaTeX Info: Redefining \cdots on input line 610.
\Mathstrutbox@=\box46
\strutbox@=\box47
\big@size=\dimen148
LaTeX Font Info:    Redeclaring font encoding OML on input line 733.
LaTeX Font Info:    Redeclaring font encoding OMS on input line 734.
\macc@depth=\count290
\c@MaxMatrixCols=\count291
\dotsspace@=\muskip16
\c@parentequation=\count292
\dspbrk@lvl=\count293
\tag@help=\toks22
\row@=\count294
\column@=\count295
\maxfields@=\count296
\andhelp@=\toks23
\eqnshift@=\dimen149
\alignsep@=\dimen150
\tagshift@=\dimen151
\tagwidth@=\dimen152
\totwidth@=\dimen153
\lineht@=\dimen154
\@envbody=\toks24
\multlinegap=\skip75
\multlinetaggap=\skip76
\mathdisplay@stack=\toks25
LaTeX Info: Redefining \[ on input line 2859.
LaTeX Info: Redefining \] on input line 2860.
)
(/usr/local/texlive/2019/texmf-dist/tex/latex/amsfonts/amsfonts.sty
Package: amsfonts 2013/01/14 v3.01 Basic AMSFonts support
\symAMSa=\mathgroup4
\symAMSb=\mathgroup5
LaTeX Font Info:    Redeclaring math symbol \hbar on input line 98.
LaTeX Font Info:    Overwriting math alphabet `\mathfrak' in version `bold'
(Font)                  U/euf/m/n --> U/euf/b/n on input line 106.
)
(/usr/local/texlive/2019/texmf-dist/tex/latex/tools/enumerate.sty
Package: enumerate 2015/07/23 v3.00 enumerate extensions (DPC)
\@enLab=\toks26
)
(/usr/local/texlive/2019/texmf-dist/tex/latex/graphics/graphicx.sty
Package: graphicx 2019/11/30 v1.2a Enhanced LaTeX Graphics (DPC,SPQR)

(/usr/local/texlive/2019/texmf-dist/tex/latex/graphics/graphics.sty
Package: graphics 2019/11/30 v1.4a Standard LaTeX Graphics (DPC,SPQR)

(/usr/local/texlive/2019/texmf-dist/tex/latex/graphics/trig.sty
Package: trig 2016/01/03 v1.10 sin cos tan (DPC)
)
(/usr/local/texlive/2019/texmf-dist/tex/latex/graphics-cfg/graphics.cfg
File: graphics.cfg 2016/06/04 v1.11 sample graphics configuration
)
Package graphics Info: Driver file: pdftex.def on input line 105.

(/usr/local/texlive/2019/texmf-dist/tex/latex/graphics-def/pdftex.def
File: pdftex.def 2018/01/08 v1.0l Graphics/color driver for pdftex
))
\Gin@req@height=\dimen155
\Gin@req@width=\dimen156
)
(/usr/local/texlive/2019/texmf-dist/tex/latex/titling/titling.sty
Package: titling 2009/09/04 v2.1d maketitle typesetting
\thanksmarkwidth=\skip77
\thanksmargin=\skip78
\droptitle=\skip79
)
(/usr/local/texlive/2019/texmf-dist/tex/latex/url/url.sty
\Urlmuskip=\muskip17
Package: url 2013/09/16  ver 3.4  Verb mode for urls, etc.
)
(/usr/local/texlive/2019/texmf-dist/tex/latex/l3packages/xfrac/xfrac.sty
(/usr/local/texlive/2019/texmf-dist/tex/latex/l3kernel/expl3.sty
Package: expl3 2020-02-11 L3 programming layer (loader) 

(/usr/local/texlive/2019/texmf-dist/tex/latex/l3backend/l3backend-pdfmode.def
File: l3backend-pdfmode.def 2020-02-03 L3 backend support: PDF mode
\l__kernel_color_stack_int=\count297
\l__pdf_internal_box=\box48
)) (/usr/local/texlive/2019/texmf-dist/tex/latex/l3packages/l3keys2e/l3keys2e.s
ty
Package: l3keys2e 2020-02-08 LaTeX2e option processing using LaTeX3 keys
) (/usr/local/texlive/2019/texmf-dist/tex/latex/base/textcomp.sty
Package: textcomp 2020/02/02 v2.0n Standard LaTeX package
)
(/usr/local/texlive/2019/texmf-dist/tex/latex/l3packages/xparse/xparse.sty
Package: xparse 2020-02-08 L3 Experimental document command parser
\l__xparse_current_arg_int=\count298
\g__xparse_grabber_int=\count299
\l__xparse_m_args_int=\count300
\l__xparse_v_nesting_int=\count301
)
(/usr/local/texlive/2019/texmf-dist/tex/latex/l3packages/xtemplate/xtemplate.st
y
Package: xtemplate 2020-02-08 L3 Experimental prototype document functions
\l__xtemplate_tmp_dim=\dimen157
\l__xtemplate_tmp_int=\count302
\l__xtemplate_tmp_muskip=\muskip18
\l__xtemplate_tmp_skip=\skip80
)
Package: xfrac 2020-02-08 L3 Experimental split-level fractions
\l__xfrac_slash_box=\box49
\l__xfrac_tmp_box=\box50
\l__xfrac_denominator_bot_sep_dim=\dimen158
\l__xfrac_numerator_bot_sep_dim=\dimen159
\l__xfrac_numerator_top_sep_dim=\dimen160
\l__xfrac_slash_left_sep_dim=\dimen161
\l__xfrac_slash_right_sep_dim=\dimen162
\l__xfrac_slash_left_muskip=\muskip19
\l__xfrac_slash_right_muskip=\muskip20

Package xtemplate Info: Declaring object type 'xfrac' taking 3 argument(s) on
(xtemplate)             line 79.

) (/usr/local/texlive/2019/texmf-dist/tex/latex/natbib/natbib.sty
Package: natbib 2010/09/13 8.31b (PWD, AO)
\bibhang=\skip81
\bibsep=\skip82
LaTeX Info: Redefining \cite on input line 694.
\c@NAT@ctr=\count303
)
(/usr/local/texlive/2019/texmf-dist/tex/latex/amsfonts/amssymb.sty
Package: amssymb 2013/01/14 v3.01 AMS font symbols
)
(/usr/local/texlive/2019/texmf-dist/tex/latex/amscls/amsthm.sty
Package: amsthm 2017/10/31 v2.20.4
\thm@style=\toks27
\thm@bodyfont=\toks28
\thm@headfont=\toks29
\thm@notefont=\toks30
\thm@headpunct=\toks31
\thm@preskip=\skip83
\thm@postskip=\skip84
\thm@headsep=\skip85
\dth@everypar=\toks32
)
(/usr/local/texlive/2019/texmf-dist/tex/latex/paralist/paralist.sty
Package: paralist 2017/01/22 v2.7 Extended list environments
\pltopsep=\skip86
\plpartopsep=\skip87
\plitemsep=\skip88
\plparsep=\skip89
\pl@lab=\toks33
)
(/usr/local/texlive/2019/texmf-dist/tex/latex/epstopdf-pkg/epstopdf.sty
Package: epstopdf 2020-01-24 v2.11 Conversion with epstopdf on the fly (HO)

(/usr/local/texlive/2019/texmf-dist/tex/generic/infwarerr/infwarerr.sty
Package: infwarerr 2019/12/03 v1.5 Providing info/warning/error messages (HO)
)
(/usr/local/texlive/2019/texmf-dist/tex/latex/grfext/grfext.sty
Package: grfext 2019/12/03 v1.3 Manage graphics extensions (HO)

(/usr/local/texlive/2019/texmf-dist/tex/generic/kvdefinekeys/kvdefinekeys.sty
Package: kvdefinekeys 2019-12-19 v1.6 Define keys (HO)
)) (/usr/local/texlive/2019/texmf-dist/tex/latex/kvoptions/kvoptions.sty
Package: kvoptions 2019/11/29 v3.13 Key value format for package options (HO)

(/usr/local/texlive/2019/texmf-dist/tex/generic/ltxcmds/ltxcmds.sty
Package: ltxcmds 2019/12/15 v1.24 LaTeX kernel commands for general use (HO)
)
(/usr/local/texlive/2019/texmf-dist/tex/generic/kvsetkeys/kvsetkeys.sty
Package: kvsetkeys 2019/12/15 v1.18 Key value parser (HO)
))
(/usr/local/texlive/2019/texmf-dist/tex/latex/pdftexcmds/pdftexcmds.sty
Package: pdftexcmds 2019/11/24 v0.31 Utility functions of pdfTeX for LuaTeX (HO
)
Package pdftexcmds Info: \pdf@primitive is available.
Package pdftexcmds Info: \pdf@ifprimitive is available.
Package pdftexcmds Info: \pdfdraftmode found.
)
(/usr/local/texlive/2019/texmf-dist/tex/latex/epstopdf-pkg/epstopdf-base.sty
Package: epstopdf-base 2020-01-24 v2.11 Base part for package epstopdf
Package epstopdf-base Info: Redefining graphics rule for `.eps' on input line 4
85.
Package grfext Info: Graphics extension search list:
(grfext)             [.pdf,.png,.jpg,.mps,.jpeg,.jbig2,.jb2,.PDF,.PNG,.JPG,.JPE
G,.JBIG2,.JB2,.eps]
(grfext)             \AppendGraphicsExtensions on input line 504.

(/usr/local/texlive/2019/texmf-dist/tex/latex/latexconfig/epstopdf-sys.cfg
File: epstopdf-sys.cfg 2010/07/13 v1.3 Configuration of (r)epstopdf for TeX Liv
e
)))
(/usr/local/texlive/2019/texmf-dist/tex/latex/tools/tabularx.sty
Package: tabularx 2020/01/15 v2.11c `tabularx' package (DPC)

(/usr/local/texlive/2019/texmf-dist/tex/latex/tools/array.sty
Package: array 2019/08/31 v2.4l Tabular extension package (FMi)
\col@sep=\dimen163
\ar@mcellbox=\box51
\extrarowheight=\dimen164
\NC@list=\toks34
\extratabsurround=\skip90
\backup@length=\skip91
\ar@cellbox=\box52
)
\TX@col@width=\dimen165
\TX@old@table=\dimen166
\TX@old@col=\dimen167
\TX@target=\dimen168
\TX@delta=\dimen169
\TX@cols=\count304
\TX@ftn=\toks35
)
(/usr/local/texlive/2019/texmf-dist/tex/latex/tools/longtable.sty
Package: longtable 2020/01/07 v4.13 Multi-page Table package (DPC)
\LTleft=\skip92
\LTright=\skip93
\LTpre=\skip94
\LTpost=\skip95
\LTchunksize=\count305
\LTcapwidth=\dimen170
\LT@head=\box53
\LT@firsthead=\box54
\LT@foot=\box55
\LT@lastfoot=\box56
\LT@cols=\count306
\LT@rows=\count307
\c@LT@tables=\count308
\c@LT@chunks=\count309
\LT@p@ftn=\toks36
)
(/usr/local/texlive/2019/texmf-dist/tex/latex/multirow/multirow.sty
Package: multirow 2019/05/31 v2.5 Span multiple rows of a table
\multirow@colwidth=\skip96
\multirow@cntb=\count310
\multirow@dima=\skip97
\bigstrutjot=\dimen171
)
(/usr/local/texlive/2019/texmf-dist/tex/latex/tools/multicol.sty
Package: multicol 2019/12/09 v1.8y multicolumn formatting (FMi)
\c@tracingmulticols=\count311
\mult@box=\box57
\multicol@leftmargin=\dimen172
\c@unbalance=\count312
\c@collectmore=\count313
\doublecol@number=\count314
\multicoltolerance=\count315
\multicolpretolerance=\count316
\full@width=\dimen173
\page@free=\dimen174
\premulticols=\dimen175
\postmulticols=\dimen176
\multicolsep=\skip98
\multicolbaselineskip=\skip99
\partial@page=\box58
\last@line=\box59
\maxbalancingoverflow=\dimen177
\mult@rightbox=\box60
\mult@grightbox=\box61
\mult@gfirstbox=\box62
\mult@firstbox=\box63
\@tempa=\box64
\@tempa=\box65
\@tempa=\box66
\@tempa=\box67
\@tempa=\box68
\@tempa=\box69
\@tempa=\box70
\@tempa=\box71
\@tempa=\box72
\@tempa=\box73
\@tempa=\box74
\@tempa=\box75
\@tempa=\box76
\@tempa=\box77
\@tempa=\box78
\@tempa=\box79
\@tempa=\box80
\@tempa=\box81
\@tempa=\box82
\@tempa=\box83
\@tempa=\box84
\@tempa=\box85
\@tempa=\box86
\@tempa=\box87
\@tempa=\box88
\@tempa=\box89
\@tempa=\box90
\@tempa=\box91
\@tempa=\box92
\@tempa=\box93
\@tempa=\box94
\@tempa=\box95
\@tempa=\box96
\@tempa=\box97
\@tempa=\box98
\@tempa=\box99
\@tempa=\box100
\c@minrows=\count317
\c@columnbadness=\count318
\c@finalcolumnbadness=\count319
\last@try=\dimen178
\multicolovershoot=\dimen179
\multicolundershoot=\dimen180
\mult@nat@firstbox=\box101
\colbreak@box=\box102
\mc@col@check@num=\count320
)
(/usr/local/texlive/2019/texmf-dist/tex/latex/hyperref/hyperref.sty
Package: hyperref 2020/01/14 v7.00d Hypertext links for LaTeX

(/usr/local/texlive/2019/texmf-dist/tex/generic/pdfescape/pdfescape.sty
Package: pdfescape 2019/12/09 v1.15 Implements pdfTeX's escape features (HO)
)
(/usr/local/texlive/2019/texmf-dist/tex/latex/hycolor/hycolor.sty
Package: hycolor 2020-01-27 v1.10 Color options for hyperref/bookmark (HO)
)
(/usr/local/texlive/2019/texmf-dist/tex/latex/letltxmacro/letltxmacro.sty
Package: letltxmacro 2019/12/03 v1.6 Let assignment for LaTeX macros (HO)
)
(/usr/local/texlive/2019/texmf-dist/tex/latex/auxhook/auxhook.sty
Package: auxhook 2019-12-17 v1.6 Hooks for auxiliary files (HO)
)
\@linkdim=\dimen181
\Hy@linkcounter=\count321
\Hy@pagecounter=\count322

(/usr/local/texlive/2019/texmf-dist/tex/latex/hyperref/pd1enc.def
File: pd1enc.def 2020/01/14 v7.00d Hyperref: PDFDocEncoding definition (HO)
Now handling font encoding PD1 ...
... no UTF-8 mapping file for font encoding PD1
)
(/usr/local/texlive/2019/texmf-dist/tex/generic/intcalc/intcalc.sty
Package: intcalc 2019/12/15 v1.3 Expandable calculations with integers (HO)
)
(/usr/local/texlive/2019/texmf-dist/tex/generic/etexcmds/etexcmds.sty
Package: etexcmds 2019/12/15 v1.7 Avoid name clashes with e-TeX commands (HO)
)
\Hy@SavedSpaceFactor=\count323
\pdfmajorversion=\count324
Package hyperref Info: Option `colorlinks' set `true' on input line 4421.
Package hyperref Info: Hyper figures OFF on input line 4547.
Package hyperref Info: Link nesting OFF on input line 4552.
Package hyperref Info: Hyper index ON on input line 4555.
Package hyperref Info: Plain pages OFF on input line 4562.
Package hyperref Info: Backreferencing OFF on input line 4567.
Package hyperref Info: Implicit mode ON; LaTeX internals redefined.
Package hyperref Info: Bookmarks ON on input line 4800.
\c@Hy@tempcnt=\count325
LaTeX Info: Redefining \url on input line 5159.
\XeTeXLinkMargin=\dimen182

(/usr/local/texlive/2019/texmf-dist/tex/generic/bitset/bitset.sty
Package: bitset 2019/12/09 v1.3 Handle bit-vector datatype (HO)

(/usr/local/texlive/2019/texmf-dist/tex/generic/bigintcalc/bigintcalc.sty
Package: bigintcalc 2019/12/15 v1.5 Expandable calculations on big integers (HO
)
))
\Fld@menulength=\count326
\Field@Width=\dimen183
\Fld@charsize=\dimen184
Package hyperref Info: Hyper figures OFF on input line 6430.
Package hyperref Info: Link nesting OFF on input line 6435.
Package hyperref Info: Hyper index ON on input line 6438.
Package hyperref Info: backreferencing OFF on input line 6445.
Package hyperref Info: Link coloring ON on input line 6448.
Package hyperref Info: Link coloring with OCG OFF on input line 6455.
Package hyperref Info: PDF/A mode OFF on input line 6460.
LaTeX Info: Redefining \ref on input line 6500.
LaTeX Info: Redefining \pageref on input line 6504.

(/usr/local/texlive/2019/texmf-dist/tex/generic/atbegshi/atbegshi.sty
Package: atbegshi 2019/12/05 v1.19 At begin shipout hook (HO)
)
\Hy@abspage=\count327
\c@Item=\count328
\c@Hfootnote=\count329
)
Package hyperref Info: Driver (autodetected): hpdftex.

(/usr/local/texlive/2019/texmf-dist/tex/latex/hyperref/hpdftex.def
File: hpdftex.def 2020/01/14 v7.00d Hyperref driver for pdfTeX

(/usr/local/texlive/2019/texmf-dist/tex/latex/atveryend/atveryend.sty
Package: atveryend 2019-12-11 v1.11 Hooks at the very end of document (HO)
Package atveryend Info: \enddocument detected (standard20110627).
)
\Fld@listcount=\count330
\c@bookmark@seq@number=\count331

(/usr/local/texlive/2019/texmf-dist/tex/latex/rerunfilecheck/rerunfilecheck.sty
Package: rerunfilecheck 2019/12/05 v1.9 Rerun checks for auxiliary files (HO)

(/usr/local/texlive/2019/texmf-dist/tex/generic/uniquecounter/uniquecounter.sty
Package: uniquecounter 2019/12/15 v1.4 Provide unlimited unique counter (HO)
)
Package uniquecounter Info: New unique counter `rerunfilecheck' on input line 2
86.
)
\Hy@SectionHShift=\skip100
) (/usr/local/texlive/2019/texmf-dist/tex/latex/fancyvrb/fancyvrb.sty
Package: fancyvrb 2020/01/13 v3.5 verbatim text (tvz,hv)
\FV@CodeLineNo=\count332
\FV@InFile=\read2
\FV@TabBox=\box103
\c@FancyVerbLine=\count333
\FV@StepNumber=\count334
\FV@OutFile=\write3
)
(/usr/local/texlive/2019/texmf-dist/tex/latex/algorithms/algorithmic.sty
Package: algorithmic 2009/08/24 v0.1 Document Style `algorithmic'
\c@ALC@unique=\count335
\c@ALC@line=\count336
\c@ALC@rem=\count337
\c@ALC@depth=\count338
\ALC@tlm=\skip101
\algorithmicindent=\skip102
)
(/usr/local/texlive/2019/texmf-dist/tex/latex/float/float.sty
Package: float 2001/11/08 v1.3d Float enhancements (AL)
\c@float@type=\count339
\float@exts=\toks37
\float@box=\box104
\@float@everytoks=\toks38
\@floatcapt=\box105
)
(/usr/local/texlive/2019/texmf-dist/tex/latex/psnfss/times.sty
Package: times 2005/04/12 PSNFSS-v9.2a (SPQR) 
)
(/usr/local/texlive/2019/texmf-dist/tex/latex/comment/comment.sty
\CommentStream=\write4

Excluding comment 'comment')
(/usr/local/texlive/2019/texmf-dist/tex/latex/environ/environ.sty
Package: environ 2014/05/04 v0.3 A new way to define environments

(/usr/local/texlive/2019/texmf-dist/tex/latex/trimspaces/trimspaces.sty
Package: trimspaces 2009/09/17 v1.1 Trim spaces around a token list
))
(/usr/local/texlive/2019/texmf-dist/tex/latex/caption/caption.sty
Package: caption 2020/01/03 v3.4h Customizing captions (AR)

(/usr/local/texlive/2019/texmf-dist/tex/latex/caption/caption3.sty
Package: caption3 2020/01/03 v1.8h caption3 kernel (AR)
Package caption3 Info: TeX engine: e-TeX on input line 61.
\captionmargin=\dimen185
\captionmargin@=\dimen186
\captionwidth=\dimen187
\caption@tempdima=\dimen188
\caption@indent=\dimen189
\caption@parindent=\dimen190
\caption@hangindent=\dimen191
Package caption Info: Standard document class detected.
)
\c@caption@flags=\count340
\c@continuedfloat=\count341
Package caption Info: float package is loaded.
Package caption Info: hyperref package is loaded.
Package caption Info: longtable package is loaded.

(/usr/local/texlive/2019/texmf-dist/tex/latex/caption/ltcaption.sty
Package: ltcaption 2018/08/26 v1.4a longtable captions (AR)
))
(/usr/local/texlive/2019/texmf-dist/tex/latex/listings/listings.sty
\lst@mode=\count342
\lst@gtempboxa=\box106
\lst@token=\toks39
\lst@length=\count343
\lst@currlwidth=\dimen192
\lst@column=\count344
\lst@pos=\count345
\lst@lostspace=\dimen193
\lst@width=\dimen194
\lst@newlines=\count346
\lst@lineno=\count347
\lst@maxwidth=\dimen195

(/usr/local/texlive/2019/texmf-dist/tex/latex/listings/lstmisc.sty
File: lstmisc.sty 2019/09/10 1.8c (Carsten Heinz)
\c@lstnumber=\count348
\lst@skipnumbers=\count349
\lst@framebox=\box107
)
(/usr/local/texlive/2019/texmf-dist/tex/latex/listings/listings.cfg
File: listings.cfg 2019/09/10 1.8c listings configuration
))
Package: listings 2019/09/10 1.8c (Carsten Heinz)

(/usr/local/texlive/2019/texmf-dist/tex/latex/parskip/parskip.sty
Package: parskip 2020-01-22 v2.0d non-zero parskip adjustments

(/usr/local/texlive/2019/texmf-dist/tex/latex/etoolbox/etoolbox.sty
Package: etoolbox 2019/09/21 v2.5h e-TeX tools for LaTeX (JAW)
\etb@tempcnta=\count350
))
(/usr/local/texlive/2019/texmf-dist/tex/latex/titlesec/titlesec.sty
Package: titlesec 2019/10/16 v2.13 Sectioning titles
\ttl@box=\box108
\beforetitleunit=\skip103
\aftertitleunit=\skip104
\ttl@plus=\dimen196
\ttl@minus=\dimen197
\ttl@toksa=\toks40
\titlewidth=\dimen198
\titlewidthlast=\dimen199
\titlewidthfirst=\dimen256
)
(/usr/local/texlive/2019/texmf-dist/tex/latex/enumitem/enumitem.sty
Package: enumitem 2019/06/20 v3.9 Customized lists
\labelindent=\skip105
\enit@outerparindent=\dimen257
\enit@toks=\toks41
\enit@inbox=\box109
\enit@count@id=\count351
\enitdp@description=\count352
)
(/usr/local/texlive/2019/texmf-dist/tex/latex/datetime/datetime.sty
Package: datetime 2015/03/20 v2.60 Date Time Package

(/usr/local/texlive/2019/texmf-dist/tex/latex/fmtcount/fmtcount.sty
Package: fmtcount 2020/01/30 v3.06

(/usr/local/texlive/2019/texmf-dist/tex/latex/xkeyval/xkeyval.sty
Package: xkeyval 2014/12/03 v2.7a package option processing (HA)

(/usr/local/texlive/2019/texmf-dist/tex/generic/xkeyval/xkeyval.tex
(/usr/local/texlive/2019/texmf-dist/tex/generic/xkeyval/xkvutils.tex
\XKV@toks=\toks42
\XKV@tempa@toks=\toks43
)
\XKV@depth=\count353
File: xkeyval.tex 2014/12/03 v2.7a key=value parser (HA)
))
(/usr/local/texlive/2019/texmf-dist/tex/latex/fmtcount/fcprefix.sty
Package: fcprefix 2012/09/28

(/usr/local/texlive/2019/texmf-dist/tex/latex/fmtcount/fcnumparser.sty
Package: fcnumparser 2017/06/15
\fc@digit@counter=\count354
))
\c@padzeroesN=\count355
\fc@tmpcatcode=\count356
\@DT@modctr=\count357
\@ordinalctr=\count358
\@orgargctr=\count359
\@strctr=\count360
\@tmpstrctr=\count361
\@DT@loopN=\count362
\@DT@X=\count363
)
(/usr/local/texlive/2019/texmf-dist/tex/latex/datetime/datetime-defaults.sty
Package: datetime-defaults 2013/09/10
)
\@day=\count364
\@month=\count365
\@year=\count366
\c@HOUR=\count367
\c@HOURXII=\count368
\c@MINUTE=\count369
\c@TOHOUR=\count370
\c@TOMINUTE=\count371
\c@SECOND=\count372
\currenthour=\count373
\currentminute=\count374
\currentsecond=\count375
Package datetime Info: No datetime.cfg file found, using default settings on in
put line 308.
\@dtctr=\count376
\dayofyear=\count377
\dayofweek=\count378
LaTeX Info: Redefining \today on input line 736.
\dt@a=\toks44
\dt@b=\toks45
)
(/usr/local/texlive/2019/texmf-dist/tex/latex/lastpage/lastpage.sty
Package: lastpage 2015/03/29 v1.2m Refers to last page's name (HMM; JPG)
)
(/usr/local/texlive/2019/texmf-dist/tex/latex/graphics/color.sty
Package: color 2019/11/23 v1.2a Standard LaTeX Color (DPC)

(/usr/local/texlive/2019/texmf-dist/tex/latex/graphics-cfg/color.cfg
File: color.cfg 2016/01/02 v1.6 sample color configuration
)
Package color Info: Driver file: pdftex.def on input line 147.
)
(/usr/local/texlive/2019/texmf-dist/tex/latex/xcolor/xcolor.sty
Package: xcolor 2016/05/11 v2.12 LaTeX color extensions (UK)

(/usr/local/texlive/2019/texmf-dist/tex/latex/graphics-cfg/color.cfg
File: color.cfg 2016/01/02 v1.6 sample color configuration
)
Package xcolor Info: Driver file: pdftex.def on input line 225.
LaTeX Info: Redefining \color on input line 709.
Package xcolor Info: Model `cmy' substituted by `cmy0' on input line 1348.
Package xcolor Info: Model `hsb' substituted by `rgb' on input line 1352.
Package xcolor Info: Model `RGB' extended on input line 1364.
Package xcolor Info: Model `HTML' substituted by `rgb' on input line 1366.
Package xcolor Info: Model `Hsb' substituted by `hsb' on input line 1367.
Package xcolor Info: Model `tHsb' substituted by `hsb' on input line 1368.
Package xcolor Info: Model `HSB' substituted by `hsb' on input line 1369.
Package xcolor Info: Model `Gray' substituted by `gray' on input line 1370.
Package xcolor Info: Model `wave' substituted by `hsb' on input line 1371.

(/usr/local/texlive/2019/texmf-dist/tex/latex/graphics/dvipsnam.def
File: dvipsnam.def 2016/06/17 v3.0m Driver-dependent file (DPC,SPQR)
))
(/usr/local/texlive/2019/texmf-dist/tex/latex/algorithm2e/algorithm2e.sty
Package: algorithm2e 2017/07/18 v5.2 algorithms environments
\c@AlgoLine=\count379
\algocf@hangindent=\skip106

(/usr/local/texlive/2019/texmf-dist/tex/latex/ifoddpage/ifoddpage.sty
Package: ifoddpage 2016/04/23 v1.1 Conditionals for odd/even page detection
\c@checkoddpage=\count380
)
(/usr/local/texlive/2019/texmf-dist/tex/latex/tools/xspace.sty
Package: xspace 2014/10/28 v1.13 Space after command names (DPC,MH)
)
(/usr/local/texlive/2019/texmf-dist/tex/latex/relsize/relsize.sty
Package: relsize 2013/03/29 ver 4.1
)
\skiptotal=\skip107
\skiplinenumber=\skip108
\skiprule=\skip109
\skiphlne=\skip110
\skiptext=\skip111
\skiplength=\skip112
\algomargin=\skip113
\skipalgocfslide=\skip114
\algowidth=\dimen258
\inoutsize=\dimen259
\inoutindent=\dimen260
\interspacetitleruled=\dimen261
\interspacealgoruled=\dimen262
\interspacetitleboxruled=\dimen263
\algocf@ruledwidth=\skip115
\algocf@inoutbox=\box110
\algocf@inputbox=\box111
\AlCapSkip=\skip116
\AlCapHSkip=\skip117
\algoskipindent=\skip118
\algocf@nlbox=\box112
\algocf@hangingbox=\box113
\algocf@untilbox=\box114
\algocf@skipuntil=\skip119
\algocf@capbox=\box115
\algocf@lcaptionbox=\skip120
\algoheightruledefault=\skip121
\algoheightrule=\skip122
\algotitleheightruledefault=\skip123
\algotitleheightrule=\skip124
\c@algocfline=\count381
\c@algocfproc=\count382
\c@algocf=\count383
\algocf@algoframe=\box116
\algocf@algobox=\box117
)
(/usr/local/texlive/2019/texmf-dist/tex/latex/pgf/frontendlayer/tikz.sty
(/usr/local/texlive/2019/texmf-dist/tex/latex/pgf/basiclayer/pgf.sty
(/usr/local/texlive/2019/texmf-dist/tex/latex/pgf/utilities/pgfrcs.sty
(/usr/local/texlive/2019/texmf-dist/tex/generic/pgf/utilities/pgfutil-common.te
x
\pgfutil@everybye=\toks46
\pgfutil@tempdima=\dimen264
\pgfutil@tempdimb=\dimen265

(/usr/local/texlive/2019/texmf-dist/tex/generic/pgf/utilities/pgfutil-common-li
sts.tex))
(/usr/local/texlive/2019/texmf-dist/tex/generic/pgf/utilities/pgfutil-latex.def
\pgfutil@abb=\box118
(/usr/local/texlive/2019/texmf-dist/tex/latex/ms/everyshi.sty
Package: everyshi 2001/05/15 v3.00 EveryShipout Package (MS)
))
(/usr/local/texlive/2019/texmf-dist/tex/generic/pgf/utilities/pgfrcs.code.tex
(/usr/local/texlive/2019/texmf-dist/tex/generic/pgf/pgf.revision.tex)
Package: pgfrcs 2020/01/08 v3.1.5b (3.1.5b)
))
Package: pgf 2020/01/08 v3.1.5b (3.1.5b)

(/usr/local/texlive/2019/texmf-dist/tex/latex/pgf/basiclayer/pgfcore.sty
(/usr/local/texlive/2019/texmf-dist/tex/latex/pgf/systemlayer/pgfsys.sty
(/usr/local/texlive/2019/texmf-dist/tex/generic/pgf/systemlayer/pgfsys.code.tex
Package: pgfsys 2020/01/08 v3.1.5b (3.1.5b)
(/usr/local/texlive/2019/texmf-dist/tex/generic/pgf/utilities/pgfkeys.code.tex
\pgfkeys@pathtoks=\toks47
\pgfkeys@temptoks=\toks48

(/usr/local/texlive/2019/texmf-dist/tex/generic/pgf/utilities/pgfkeysfiltered.c
ode.tex
\pgfkeys@tmptoks=\toks49
))
\pgf@x=\dimen266
\pgf@y=\dimen267
\pgf@xa=\dimen268
\pgf@ya=\dimen269
\pgf@xb=\dimen270
\pgf@yb=\dimen271
\pgf@xc=\dimen272
\pgf@yc=\dimen273
\pgf@xd=\dimen274
\pgf@yd=\dimen275
\w@pgf@writea=\write5
\r@pgf@reada=\read3
\c@pgf@counta=\count384
\c@pgf@countb=\count385
\c@pgf@countc=\count386
\c@pgf@countd=\count387
\t@pgf@toka=\toks50
\t@pgf@tokb=\toks51
\t@pgf@tokc=\toks52
\pgf@sys@id@count=\count388

(/usr/local/texlive/2019/texmf-dist/tex/generic/pgf/systemlayer/pgf.cfg
File: pgf.cfg 2020/01/08 v3.1.5b (3.1.5b)
)
Driver file for pgf: pgfsys-pdftex.def

(/usr/local/texlive/2019/texmf-dist/tex/generic/pgf/systemlayer/pgfsys-pdftex.d
ef
File: pgfsys-pdftex.def 2020/01/08 v3.1.5b (3.1.5b)

(/usr/local/texlive/2019/texmf-dist/tex/generic/pgf/systemlayer/pgfsys-common-p
df.def
File: pgfsys-common-pdf.def 2020/01/08 v3.1.5b (3.1.5b)
)))
(/usr/local/texlive/2019/texmf-dist/tex/generic/pgf/systemlayer/pgfsyssoftpath.
code.tex
File: pgfsyssoftpath.code.tex 2020/01/08 v3.1.5b (3.1.5b)
\pgfsyssoftpath@smallbuffer@items=\count389
\pgfsyssoftpath@bigbuffer@items=\count390
)
(/usr/local/texlive/2019/texmf-dist/tex/generic/pgf/systemlayer/pgfsysprotocol.
code.tex
File: pgfsysprotocol.code.tex 2020/01/08 v3.1.5b (3.1.5b)
))
(/usr/local/texlive/2019/texmf-dist/tex/generic/pgf/basiclayer/pgfcore.code.tex
Package: pgfcore 2020/01/08 v3.1.5b (3.1.5b)
(/usr/local/texlive/2019/texmf-dist/tex/generic/pgf/math/pgfmath.code.tex
(/usr/local/texlive/2019/texmf-dist/tex/generic/pgf/math/pgfmathcalc.code.tex
(/usr/local/texlive/2019/texmf-dist/tex/generic/pgf/math/pgfmathutil.code.tex)
(/usr/local/texlive/2019/texmf-dist/tex/generic/pgf/math/pgfmathparser.code.tex
\pgfmath@dimen=\dimen276
\pgfmath@count=\count391
\pgfmath@box=\box119
\pgfmath@toks=\toks53
\pgfmath@stack@operand=\toks54
\pgfmath@stack@operation=\toks55
)
(/usr/local/texlive/2019/texmf-dist/tex/generic/pgf/math/pgfmathfunctions.code.
tex
(/usr/local/texlive/2019/texmf-dist/tex/generic/pgf/math/pgfmathfunctions.basic
.code.tex)
(/usr/local/texlive/2019/texmf-dist/tex/generic/pgf/math/pgfmathfunctions.trigo
nometric.code.tex)
(/usr/local/texlive/2019/texmf-dist/tex/generic/pgf/math/pgfmathfunctions.rando
m.code.tex)
(/usr/local/texlive/2019/texmf-dist/tex/generic/pgf/math/pgfmathfunctions.compa
rison.code.tex)
(/usr/local/texlive/2019/texmf-dist/tex/generic/pgf/math/pgfmathfunctions.base.
code.tex)
(/usr/local/texlive/2019/texmf-dist/tex/generic/pgf/math/pgfmathfunctions.round
.code.tex)
(/usr/local/texlive/2019/texmf-dist/tex/generic/pgf/math/pgfmathfunctions.misc.
code.tex)
(/usr/local/texlive/2019/texmf-dist/tex/generic/pgf/math/pgfmathfunctions.integ
erarithmetics.code.tex)))
(/usr/local/texlive/2019/texmf-dist/tex/generic/pgf/math/pgfmathfloat.code.tex
\c@pgfmathroundto@lastzeros=\count392
)) (/usr/local/texlive/2019/texmf-dist/tex/generic/pgf/math/pgfint.code.tex)
(/usr/local/texlive/2019/texmf-dist/tex/generic/pgf/basiclayer/pgfcorepoints.co
de.tex
File: pgfcorepoints.code.tex 2020/01/08 v3.1.5b (3.1.5b)
\pgf@picminx=\dimen277
\pgf@picmaxx=\dimen278
\pgf@picminy=\dimen279
\pgf@picmaxy=\dimen280
\pgf@pathminx=\dimen281
\pgf@pathmaxx=\dimen282
\pgf@pathminy=\dimen283
\pgf@pathmaxy=\dimen284
\pgf@xx=\dimen285
\pgf@xy=\dimen286
\pgf@yx=\dimen287
\pgf@yy=\dimen288
\pgf@zx=\dimen289
\pgf@zy=\dimen290
)
(/usr/local/texlive/2019/texmf-dist/tex/generic/pgf/basiclayer/pgfcorepathconst
ruct.code.tex
File: pgfcorepathconstruct.code.tex 2020/01/08 v3.1.5b (3.1.5b)
\pgf@path@lastx=\dimen291
\pgf@path@lasty=\dimen292
)
(/usr/local/texlive/2019/texmf-dist/tex/generic/pgf/basiclayer/pgfcorepathusage
.code.tex
File: pgfcorepathusage.code.tex 2020/01/08 v3.1.5b (3.1.5b)
\pgf@shorten@end@additional=\dimen293
\pgf@shorten@start@additional=\dimen294
)
(/usr/local/texlive/2019/texmf-dist/tex/generic/pgf/basiclayer/pgfcorescopes.co
de.tex
File: pgfcorescopes.code.tex 2020/01/08 v3.1.5b (3.1.5b)
\pgfpic=\box120
\pgf@hbox=\box121
\pgf@layerbox@main=\box122
\pgf@picture@serial@count=\count393
)
(/usr/local/texlive/2019/texmf-dist/tex/generic/pgf/basiclayer/pgfcoregraphicst
ate.code.tex
File: pgfcoregraphicstate.code.tex 2020/01/08 v3.1.5b (3.1.5b)
\pgflinewidth=\dimen295
)
(/usr/local/texlive/2019/texmf-dist/tex/generic/pgf/basiclayer/pgfcoretransform
ations.code.tex
File: pgfcoretransformations.code.tex 2020/01/08 v3.1.5b (3.1.5b)
\pgf@pt@x=\dimen296
\pgf@pt@y=\dimen297
\pgf@pt@temp=\dimen298
)
(/usr/local/texlive/2019/texmf-dist/tex/generic/pgf/basiclayer/pgfcorequick.cod
e.tex
File: pgfcorequick.code.tex 2020/01/08 v3.1.5b (3.1.5b)
)
(/usr/local/texlive/2019/texmf-dist/tex/generic/pgf/basiclayer/pgfcoreobjects.c
ode.tex
File: pgfcoreobjects.code.tex 2020/01/08 v3.1.5b (3.1.5b)
)
(/usr/local/texlive/2019/texmf-dist/tex/generic/pgf/basiclayer/pgfcorepathproce
ssing.code.tex
File: pgfcorepathprocessing.code.tex 2020/01/08 v3.1.5b (3.1.5b)
)
(/usr/local/texlive/2019/texmf-dist/tex/generic/pgf/basiclayer/pgfcorearrows.co
de.tex
File: pgfcorearrows.code.tex 2020/01/08 v3.1.5b (3.1.5b)
\pgfarrowsep=\dimen299
)
(/usr/local/texlive/2019/texmf-dist/tex/generic/pgf/basiclayer/pgfcoreshade.cod
e.tex
File: pgfcoreshade.code.tex 2020/01/08 v3.1.5b (3.1.5b)
\pgf@max=\dimen300
\pgf@sys@shading@range@num=\count394
\pgf@shadingcount=\count395
)
(/usr/local/texlive/2019/texmf-dist/tex/generic/pgf/basiclayer/pgfcoreimage.cod
e.tex
File: pgfcoreimage.code.tex 2020/01/08 v3.1.5b (3.1.5b)

(/usr/local/texlive/2019/texmf-dist/tex/generic/pgf/basiclayer/pgfcoreexternal.
code.tex
File: pgfcoreexternal.code.tex 2020/01/08 v3.1.5b (3.1.5b)
\pgfexternal@startupbox=\box123
))
(/usr/local/texlive/2019/texmf-dist/tex/generic/pgf/basiclayer/pgfcorelayers.co
de.tex
File: pgfcorelayers.code.tex 2020/01/08 v3.1.5b (3.1.5b)
)
(/usr/local/texlive/2019/texmf-dist/tex/generic/pgf/basiclayer/pgfcoretranspare
ncy.code.tex
File: pgfcoretransparency.code.tex 2020/01/08 v3.1.5b (3.1.5b)
)
(/usr/local/texlive/2019/texmf-dist/tex/generic/pgf/basiclayer/pgfcorepatterns.
code.tex
File: pgfcorepatterns.code.tex 2020/01/08 v3.1.5b (3.1.5b)
)
(/usr/local/texlive/2019/texmf-dist/tex/generic/pgf/basiclayer/pgfcorerdf.code.
tex
File: pgfcorerdf.code.tex 2020/01/08 v3.1.5b (3.1.5b)
)))
(/usr/local/texlive/2019/texmf-dist/tex/generic/pgf/modules/pgfmoduleshapes.cod
e.tex
File: pgfmoduleshapes.code.tex 2020/01/08 v3.1.5b (3.1.5b)
\pgfnodeparttextbox=\box124
)
(/usr/local/texlive/2019/texmf-dist/tex/generic/pgf/modules/pgfmoduleplot.code.
tex
File: pgfmoduleplot.code.tex 2020/01/08 v3.1.5b (3.1.5b)
)
(/usr/local/texlive/2019/texmf-dist/tex/latex/pgf/compatibility/pgfcomp-version
-0-65.sty
Package: pgfcomp-version-0-65 2020/01/08 v3.1.5b (3.1.5b)
\pgf@nodesepstart=\dimen301
\pgf@nodesepend=\dimen302
)
(/usr/local/texlive/2019/texmf-dist/tex/latex/pgf/compatibility/pgfcomp-version
-1-18.sty
Package: pgfcomp-version-1-18 2020/01/08 v3.1.5b (3.1.5b)
))
(/usr/local/texlive/2019/texmf-dist/tex/latex/pgf/utilities/pgffor.sty
(/usr/local/texlive/2019/texmf-dist/tex/latex/pgf/utilities/pgfkeys.sty
(/usr/local/texlive/2019/texmf-dist/tex/generic/pgf/utilities/pgfkeys.code.tex)
) (/usr/local/texlive/2019/texmf-dist/tex/latex/pgf/math/pgfmath.sty
(/usr/local/texlive/2019/texmf-dist/tex/generic/pgf/math/pgfmath.code.tex))
(/usr/local/texlive/2019/texmf-dist/tex/generic/pgf/utilities/pgffor.code.tex
Package: pgffor 2020/01/08 v3.1.5b (3.1.5b)

(/usr/local/texlive/2019/texmf-dist/tex/generic/pgf/math/pgfmath.code.tex)
\pgffor@iter=\dimen303
\pgffor@skip=\dimen304
\pgffor@stack=\toks56
\pgffor@toks=\toks57
))
(/usr/local/texlive/2019/texmf-dist/tex/generic/pgf/frontendlayer/tikz/tikz.cod
e.tex
Package: tikz 2020/01/08 v3.1.5b (3.1.5b)

(/usr/local/texlive/2019/texmf-dist/tex/generic/pgf/libraries/pgflibraryplothan
dlers.code.tex
File: pgflibraryplothandlers.code.tex 2020/01/08 v3.1.5b (3.1.5b)
\pgf@plot@mark@count=\count396
\pgfplotmarksize=\dimen305
)
\tikz@lastx=\dimen306
\tikz@lasty=\dimen307
\tikz@lastxsaved=\dimen308
\tikz@lastysaved=\dimen309
\tikz@lastmovetox=\dimen310
\tikz@lastmovetoy=\dimen311
\tikzleveldistance=\dimen312
\tikzsiblingdistance=\dimen313
\tikz@figbox=\box125
\tikz@figbox@bg=\box126
\tikz@tempbox=\box127
\tikz@tempbox@bg=\box128
\tikztreelevel=\count397
\tikznumberofchildren=\count398
\tikznumberofcurrentchild=\count399
\tikz@fig@count=\count400

(/usr/local/texlive/2019/texmf-dist/tex/generic/pgf/modules/pgfmodulematrix.cod
e.tex
File: pgfmodulematrix.code.tex 2020/01/08 v3.1.5b (3.1.5b)
\pgfmatrixcurrentrow=\count401
\pgfmatrixcurrentcolumn=\count402
\pgf@matrix@numberofcolumns=\count403
)
\tikz@expandcount=\count404

(/usr/local/texlive/2019/texmf-dist/tex/generic/pgf/frontendlayer/tikz/librarie
s/tikzlibrarytopaths.code.tex
File: tikzlibrarytopaths.code.tex 2020/01/08 v3.1.5b (3.1.5b)
)))
(/usr/local/texlive/2019/texmf-dist/tex/generic/pgf/frontendlayer/tikz/librarie
s/tikzlibraryshapes.code.tex
File: tikzlibraryshapes.code.tex 2020/01/08 v3.1.5b (3.1.5b)

(/usr/local/texlive/2019/texmf-dist/tex/generic/pgf/frontendlayer/tikz/librarie
s/tikzlibraryshapes.geometric.code.tex
File: tikzlibraryshapes.geometric.code.tex 2020/01/08 v3.1.5b (3.1.5b)

(/usr/local/texlive/2019/texmf-dist/tex/generic/pgf/libraries/shapes/pgflibrary
shapes.geometric.code.tex
File: pgflibraryshapes.geometric.code.tex 2020/01/08 v3.1.5b (3.1.5b)
))
(/usr/local/texlive/2019/texmf-dist/tex/generic/pgf/frontendlayer/tikz/librarie
s/tikzlibraryshapes.misc.code.tex
File: tikzlibraryshapes.misc.code.tex 2020/01/08 v3.1.5b (3.1.5b)

(/usr/local/texlive/2019/texmf-dist/tex/generic/pgf/libraries/shapes/pgflibrary
shapes.misc.code.tex
File: pgflibraryshapes.misc.code.tex 2020/01/08 v3.1.5b (3.1.5b)
))
(/usr/local/texlive/2019/texmf-dist/tex/generic/pgf/frontendlayer/tikz/librarie
s/tikzlibraryshapes.symbols.code.tex
File: tikzlibraryshapes.symbols.code.tex 2020/01/08 v3.1.5b (3.1.5b)

(/usr/local/texlive/2019/texmf-dist/tex/generic/pgf/libraries/shapes/pgflibrary
shapes.symbols.code.tex
File: pgflibraryshapes.symbols.code.tex 2020/01/08 v3.1.5b (3.1.5b)
))
(/usr/local/texlive/2019/texmf-dist/tex/generic/pgf/frontendlayer/tikz/librarie
s/tikzlibraryshapes.arrows.code.tex
File: tikzlibraryshapes.arrows.code.tex 2020/01/08 v3.1.5b (3.1.5b)

(/usr/local/texlive/2019/texmf-dist/tex/generic/pgf/libraries/shapes/pgflibrary
shapes.arrows.code.tex
File: pgflibraryshapes.arrows.code.tex 2020/01/08 v3.1.5b (3.1.5b)
))
(/usr/local/texlive/2019/texmf-dist/tex/generic/pgf/frontendlayer/tikz/librarie
s/tikzlibraryshapes.callouts.code.tex
(/usr/local/texlive/2019/texmf-dist/tex/generic/pgf/libraries/shapes/pgflibrary
shapes.callouts.code.tex))
(/usr/local/texlive/2019/texmf-dist/tex/generic/pgf/frontendlayer/tikz/librarie
s/tikzlibraryshapes.multipart.code.tex
File: tikzlibraryshapes.multipart.code.tex 2020/01/08 v3.1.5b (3.1.5b)

(/usr/local/texlive/2019/texmf-dist/tex/generic/pgf/libraries/shapes/pgflibrary
shapes.multipart.code.tex
File: pgflibraryshapes.multipart.code.tex 2020/01/08 v3.1.5b (3.1.5b)
\pgfnodepartlowerbox=\box129
\pgfnodeparttwobox=\box130
\pgfnodepartthreebox=\box131
\pgfnodepartfourbox=\box132
\pgfnodeparttwentybox=\box133
\pgfnodepartnineteenbox=\box134
\pgfnodeparteighteenbox=\box135
\pgfnodepartseventeenbox=\box136
\pgfnodepartsixteenbox=\box137
\pgfnodepartfifteenbox=\box138
\pgfnodepartfourteenbox=\box139
\pgfnodepartthirteenbox=\box140
\pgfnodeparttwelvebox=\box141
\pgfnodepartelevenbox=\box142
\pgfnodeparttenbox=\box143
\pgfnodepartninebox=\box144
\pgfnodeparteightbox=\box145
\pgfnodepartsevenbox=\box146
\pgfnodepartsixbox=\box147
\pgfnodepartfivebox=\box148
)))
(/usr/local/texlive/2019/texmf-dist/tex/generic/pgf/frontendlayer/tikz/librarie
s/tikzlibrarydecorations.code.tex
(/usr/local/texlive/2019/texmf-dist/tex/generic/pgf/modules/pgfmoduledecoration
s.code.tex
\pgfdecoratedcompleteddistance=\dimen314
\pgfdecoratedremainingdistance=\dimen315
\pgfdecoratedinputsegmentcompleteddistance=\dimen316
\pgfdecoratedinputsegmentremainingdistance=\dimen317
\pgf@decorate@distancetomove=\dimen318
\pgf@decorate@repeatstate=\count405
\pgfdecorationsegmentamplitude=\dimen319
\pgfdecorationsegmentlength=\dimen320
)
\tikz@lib@dec@box=\box149
)
(/usr/local/texlive/2019/texmf-dist/tex/latex/tikz-bayesnet/tikzlibrarybayesnet
.code.tex
(/usr/local/texlive/2019/texmf-dist/tex/generic/pgf/frontendlayer/tikz/librarie
s/tikzlibraryfit.code.tex
File: tikzlibraryfit.code.tex 2020/01/08 v3.1.5b (3.1.5b)
)
(/usr/local/texlive/2019/texmf-dist/tex/generic/pgf/frontendlayer/tikz/librarie
s/tikzlibrarychains.code.tex
File: tikzlibrarychains.code.tex 2020/01/08 v3.1.5b (3.1.5b)

(/usr/local/texlive/2019/texmf-dist/tex/generic/pgf/frontendlayer/tikz/librarie
s/tikzlibrarypositioning.code.tex
File: tikzlibrarypositioning.code.tex 2020/01/08 v3.1.5b (3.1.5b)
))
(/usr/local/texlive/2019/texmf-dist/tex/generic/pgf/frontendlayer/tikz/librarie
s/tikzlibraryarrows.code.tex
File: tikzlibraryarrows.code.tex 2020/01/08 v3.1.5b (3.1.5b)

(/usr/local/texlive/2019/texmf-dist/tex/generic/pgf/libraries/pgflibraryarrows.
code.tex
File: pgflibraryarrows.code.tex 2020/01/08 v3.1.5b (3.1.5b)
\arrowsize=\dimen321
))) (/usr/local/texlive/2019/texmf-dist/tex/latex/booktabs/booktabs.sty
Package: booktabs 2020/01/12 v1.61803398 Publication quality tables
\heavyrulewidth=\dimen322
\lightrulewidth=\dimen323
\cmidrulewidth=\dimen324
\belowrulesep=\dimen325
\belowbottomsep=\dimen326
\aboverulesep=\dimen327
\abovetopsep=\dimen328
\cmidrulesep=\dimen329
\cmidrulekern=\dimen330
\defaultaddspace=\dimen331
\@cmidla=\count406
\@cmidlb=\count407
\@aboverulesep=\dimen332
\@belowrulesep=\dimen333
\@thisruleclass=\count408
\@lastruleclass=\count409
\@thisrulewidth=\dimen334
) (/usr/local/texlive/2019/texmf-dist/tex/latex/cprotect/cprotect.sty
Package: cprotect 2011/01/27 v1.0e (Bruno Le Floch)

(/usr/local/texlive/2019/texmf-dist/tex/latex/bigfoot/suffix.sty
Package: suffix 2006/07/15 1.5a Variant command support
)
\CPT@WriteOut=\write6
\c@CPT@WriteCount=\count410
\c@CPT@numB=\count411
\CPT@commandatend@toks=\toks58
)
(/usr/local/texlive/2019/texmf-dist/tex/latex/verbatimbox/verbatimbox.sty
Package: verbatimbox 2014/03/12 v3.13 Routines for placing verbatim text into b
oxes, useful in places where the verbatim environment is inaccessible. Secondar
ily, for adding vertical buffer around an object.

(/usr/local/texlive/2019/texmf-dist/tex/latex/tools/verbatim.sty
Package: verbatim 2019/11/10 v1.5r LaTeX2e package for verbatim enhancements
\every@verbatim=\toks59
\verbatim@line=\toks60
\verbatim@in@stream=\read4
)
(/usr/local/texlive/2019/texmf-dist/tex/latex/readarray/readarray.sty
Package: readarray 2016/11/07\ 2.0\ Routines for inputting 2D and 3D array data
 and recalling it on an element-by-element basis.

(/usr/local/texlive/2019/texmf-dist/tex/generic/listofitems/listofitems.sty
(/usr/local/texlive/2019/texmf-dist/tex/generic/listofitems/listofitems.tex
\loi_cnt_foreach_nest=\count412
\loi_nestcnt=\count413
)
Package: listofitems 2019/08/21 v1.63 Grab items in lists using user-specified 
sep char (CT)
)
\c@@index=\count414
\c@@plane=\count415
\c@@row=\count416
\c@@col=\count417
\c@use@args=\count418
\c@@record=\count419
\c@arg@index=\count420
\c@break@count=\count421
\c@index@count=\count422
\c@loop@count=\count423
\Arg@toks=\toks61
\@arrayident@toks=\toks62
\rdar@file=\read5

readarray: bounds checking OFF
)
\savedverbbox=\box150
\c@VerbboxLineNo=\count424
\boxtopsep=\dimen335
\boxbottomsep=\dimen336
\ps@tempdima=\dimen337
\ps@tempboxa=\box151
\boxtop@sep=\skip125
\boxbottom@sep=\skip126
) (/usr/local/texlive/2019/texmf-dist/tex/latex/tcolorbox/tcolorbox.sty
Package: tcolorbox 2019/11/15 version 4.22 text color boxes
\tcb@titlebox=\box152
\tcb@upperbox=\box153
\tcb@lowerbox=\box154
\tcb@phantombox=\box155
\c@tcbbreakpart=\count425
\c@tcblayer=\count426
\tcolorbox@number=\count427
\tcb@temp=\box156
\tcb@temp=\box157
\tcb@temp=\box158
\tcb@temp=\box159
\tcb@out=\write7
\tcb@record@out=\write8

(/usr/local/texlive/2019/texmf-dist/tex/latex/tcolorbox/tcbraster.code.tex
Library (tcolorbox): 'tcbraster.code.tex' version '4.22'
\c@tcbrastercolumn=\count428
\c@tcbrasterrow=\count429
\c@tcbraster=\count430
) (/usr/local/texlive/2019/texmf-dist/tex/latex/tcolorbox/tcbskins.code.tex
Library (tcolorbox): 'tcbskins.code.tex' version '4.22'
\tcb@waterbox=\box160

(/usr/local/texlive/2019/texmf-dist/tex/latex/tcolorbox/tcbskinsjigsaw.code.tex
Library (tcolorbox): 'tcbskinsjigsaw.code.tex' version '4.22'
))
(/usr/local/texlive/2019/texmf-dist/tex/latex/tcolorbox/tcbbreakable.code.tex
Library (tcolorbox): 'tcbbreakable.code.tex' version '4.22'
\tcb@testbox=\box161
\tcb@totalupperbox=\box162
\tcb@totallowerbox=\box163
) (/usr/local/texlive/2019/texmf-dist/tex/latex/tcolorbox/tcbhooks.code.tex
Library (tcolorbox): 'tcbhooks.code.tex' version '4.22'
) (/usr/local/texlive/2019/texmf-dist/tex/latex/tcolorbox/tcbtheorems.code.tex
Library (tcolorbox): 'tcbtheorems.code.tex' version '4.22'
) (/usr/local/texlive/2019/texmf-dist/tex/latex/tcolorbox/tcbfitting.code.tex
Library (tcolorbox): 'tcbfitting.code.tex' version '4.22'
\tcbfitdim=\dimen338
\tcb@lowerfitdim=\dimen339
\tcb@upperfitdim=\dimen340
\tcb@cur@hbadness=\count431
) (/usr/local/texlive/2019/texmf-dist/tex/latex/tcolorbox/tcbxparse.code.tex
Library (tcolorbox): 'tcbxparse.code.tex' version '4.22'
)) (/usr/local/texlive/2019/texmf-dist/tex/latex/cancel/cancel.sty
Package: cancel 2013/04/12 v2.2 Cancel math terms
)
(/usr/local/texlive/2019/texmf-dist/tex/latex/wasysym/wasysym.sty
Package: wasysym 2020/01/19 v2.4 Wasy-2 symbol support package
\symwasy=\mathgroup6
LaTeX Font Info:    Overwriting symbol font `wasy' in version `bold'
(Font)                  U/wasy/m/n --> U/wasy/b/n on input line 93.
)
(/usr/local/texlive/2019/texmf-dist/tex/latex/mdframed/mdframed.sty
Package: mdframed 2013/07/01 1.9b: mdframed

(/usr/local/texlive/2019/texmf-dist/tex/latex/zref/zref-abspage.sty
Package: zref-abspage 2019/11/29 v2.28 Module abspage for zref (HO)

(/usr/local/texlive/2019/texmf-dist/tex/latex/zref/zref-base.sty
Package: zref-base 2019/11/29 v2.28 Module base for zref (HO)
Package zref Info: New property list: main on input line 763.
Package zref Info: New property: default on input line 764.
Package zref Info: New property: page on input line 765.
)
\c@abspage=\count432
Package zref Info: New property: abspage on input line 66.
)
(/usr/local/texlive/2019/texmf-dist/tex/latex/needspace/needspace.sty
Package: needspace 2010/09/12 v1.3d reserve vertical space
)
\mdf@templength=\skip127
\c@mdf@globalstyle@cnt=\count433
\mdf@skipabove@length=\skip128
\mdf@skipbelow@length=\skip129
\mdf@leftmargin@length=\skip130
\mdf@rightmargin@length=\skip131
\mdf@innerleftmargin@length=\skip132
\mdf@innerrightmargin@length=\skip133
\mdf@innertopmargin@length=\skip134
\mdf@innerbottommargin@length=\skip135
\mdf@splittopskip@length=\skip136
\mdf@splitbottomskip@length=\skip137
\mdf@outermargin@length=\skip138
\mdf@innermargin@length=\skip139
\mdf@linewidth@length=\skip140
\mdf@innerlinewidth@length=\skip141
\mdf@middlelinewidth@length=\skip142
\mdf@outerlinewidth@length=\skip143
\mdf@roundcorner@length=\skip144
\mdf@footenotedistance@length=\skip145
\mdf@userdefinedwidth@length=\skip146
\mdf@needspace@length=\skip147
\mdf@frametitleaboveskip@length=\skip148
\mdf@frametitlebelowskip@length=\skip149
\mdf@frametitlerulewidth@length=\skip150
\mdf@frametitleleftmargin@length=\skip151
\mdf@frametitlerightmargin@length=\skip152
\mdf@shadowsize@length=\skip153
\mdf@extratopheight@length=\skip154
\mdf@subtitleabovelinewidth@length=\skip155
\mdf@subtitlebelowlinewidth@length=\skip156
\mdf@subtitleaboveskip@length=\skip157
\mdf@subtitlebelowskip@length=\skip158
\mdf@subtitleinneraboveskip@length=\skip159
\mdf@subtitleinnerbelowskip@length=\skip160
\mdf@subsubtitleabovelinewidth@length=\skip161
\mdf@subsubtitlebelowlinewidth@length=\skip162
\mdf@subsubtitleaboveskip@length=\skip163
\mdf@subsubtitlebelowskip@length=\skip164
\mdf@subsubtitleinneraboveskip@length=\skip165
\mdf@subsubtitleinnerbelowskip@length=\skip166

(/usr/local/texlive/2019/texmf-dist/tex/latex/mdframed/md-frame-0.mdf
File: md-frame-0.mdf 2013/07/01\ 1.9b: md-frame-0
)
\mdf@frametitlebox=\box164
\mdf@footnotebox=\box165
\mdf@splitbox@one=\box166
\mdf@splitbox@two=\box167
\mdf@splitbox@save=\box168
\mdfsplitboxwidth=\skip167
\mdfsplitboxtotalwidth=\skip168
\mdfsplitboxheight=\skip169
\mdfsplitboxdepth=\skip170
\mdfsplitboxtotalheight=\skip171
\mdfframetitleboxwidth=\skip172
\mdfframetitleboxtotalwidth=\skip173
\mdfframetitleboxheight=\skip174
\mdfframetitleboxdepth=\skip175
\mdfframetitleboxtotalheight=\skip176
\mdffootnoteboxwidth=\skip177
\mdffootnoteboxtotalwidth=\skip178
\mdffootnoteboxheight=\skip179
\mdffootnoteboxdepth=\skip180
\mdffootnoteboxtotalheight=\skip181
\mdftotallinewidth=\skip182
\mdfboundingboxwidth=\skip183
\mdfboundingboxtotalwidth=\skip184
\mdfboundingboxheight=\skip185
\mdfboundingboxdepth=\skip186
\mdfboundingboxtotalheight=\skip187
\mdf@freevspace@length=\skip188
\mdf@horizontalwidthofbox@length=\skip189
\mdf@verticalmarginwhole@length=\skip190
\mdf@horizontalspaceofbox=\skip191
\mdfsubtitleheight=\skip192
\mdfsubsubtitleheight=\skip193
\c@mdfcountframes=\count434

****** mdframed patching \endmdf@trivlist

****** -- success******

\mdf@envdepth=\count435
\c@mdf@env@i=\count436
\c@mdf@env@ii=\count437
\c@mdf@zref@counter=\count438
Package zref Info: New property: mdf@pagevalue on input line 895.
)
(/usr/local/texlive/2019/texmf-dist/tex/latex/caption/subcaption.sty
Package: subcaption 2020/01/22 v1.3d Sub-captions (AR)
\c@subfigure=\count439
\c@subtable=\count440
)
(/usr/local/texlive/2019/texmf-dist/tex/latex/tools/bm.sty
Package: bm 2019/07/24 v1.2d Bold Symbol Support (DPC/FMi)
\symboldoperators=\mathgroup7
\symboldletters=\mathgroup8
\symboldsymbols=\mathgroup9
\symboldwasy=\mathgroup10
LaTeX Font Info:    Redeclaring math alphabet \mathbf on input line 141.
LaTeX Info: Redefining \bm on input line 209.
)
(/usr/local/texlive/2019/texmf-dist/tex/generic/pgf/frontendlayer/tikz/librarie
s/tikzlibraryautomata.code.tex
File: tikzlibraryautomata.code.tex 2020/01/08 v3.1.5b (3.1.5b)
) (./release.aux

LaTeX Warning: Label `question@1' multiply defined.


LaTeX Warning: Label `question@2' multiply defined.


LaTeX Warning: Label `question@1' multiply defined.


LaTeX Warning: Label `question@2' multiply defined.


LaTeX Warning: Label `question@3' multiply defined.


LaTeX Warning: Label `question@4' multiply defined.

)
\openout1 = `release.aux'.

LaTeX Font Info:    Checking defaults for OML/cmm/m/it on input line 422.
LaTeX Font Info:    ... okay on input line 422.
LaTeX Font Info:    Checking defaults for OMS/cmsy/m/n on input line 422.
LaTeX Font Info:    ... okay on input line 422.
LaTeX Font Info:    Checking defaults for OT1/cmr/m/n on input line 422.
LaTeX Font Info:    ... okay on input line 422.
LaTeX Font Info:    Checking defaults for T1/cmr/m/n on input line 422.
LaTeX Font Info:    ... okay on input line 422.
LaTeX Font Info:    Checking defaults for TS1/cmr/m/n on input line 422.
LaTeX Font Info:    ... okay on input line 422.
LaTeX Font Info:    Checking defaults for OMX/cmex/m/n on input line 422.
LaTeX Font Info:    ... okay on input line 422.
LaTeX Font Info:    Checking defaults for U/cmr/m/n on input line 422.
LaTeX Font Info:    ... okay on input line 422.
LaTeX Font Info:    Checking defaults for PD1/pdf/m/n on input line 422.
LaTeX Font Info:    ... okay on input line 422.
LaTeX Font Info:    Trying to load font information for OT1+ptm on input line 4
22.
 (/usr/local/texlive/2019/texmf-dist/tex/latex/psnfss/ot1ptm.fd
File: ot1ptm.fd 2001/06/04 font definitions for OT1/ptm.
)
*geometry* driver: auto-detecting
*geometry* detected driver: pdftex
*geometry* verbose mode - [ preamble ] result:
* driver: pdftex
* paper: <default>
* layout: <same size as paper>
* layoutoffset:(h,v)=(0.0pt,0.0pt)
* modes: 
* h-part:(L,W,R)=(72.26999pt, 469.75502pt, 72.26999pt)
* v-part:(T,H,B)=(72.26999pt, 650.43001pt, 72.26999pt)
* \paperwidth=614.295pt
* \paperheight=794.96999pt
* \textwidth=469.75502pt
* \textheight=650.43001pt
* \oddsidemargin=0.0pt
* \evensidemargin=0.0pt
* \topmargin=-30.0pt
* \headheight=15.0pt
* \headsep=15.0pt
* \topskip=11.0pt
* \footskip=29.0pt
* \marginparwidth=36.135pt
* \marginparsep=5.0pt
* \columnsep=10.0pt
* \skip\footins=10.0pt plus 4.0pt minus 2.0pt
* \hoffset=0.0pt
* \voffset=0.0pt
* \mag=1000
* \@twocolumnfalse
* \@twosidefalse
* \@mparswitchfalse
* \@reversemarginfalse
* (1in=72.27pt=25.4mm, 1cm=28.453pt)

(/usr/local/texlive/2019/texmf-dist/tex/context/base/mkii/supp-pdf.mkii
[Loading MPS to PDF converter (version 2006.09.02).]
\scratchcounter=\count441
\scratchdimen=\dimen341
\scratchbox=\box169
\nofMPsegments=\count442
\nofMParguments=\count443
\everyMPshowfont=\toks63
\MPscratchCnt=\count444
\MPscratchDim=\dimen342
\MPnumerator=\count445
\makeMPintoPDFobject=\count446
\everyMPtoPDFconversion=\toks64
)
\AtBeginShipoutBox=\box170
Package hyperref Info: Link coloring ON on input line 422.
 (/usr/local/texlive/2019/texmf-dist/tex/latex/hyperref/nameref.sty
Package: nameref 2019/09/16 v2.46 Cross-referencing by name of section

(/usr/local/texlive/2019/texmf-dist/tex/latex/refcount/refcount.sty
Package: refcount 2019/12/15 v3.6 Data extraction from label references (HO)
)
(/usr/local/texlive/2019/texmf-dist/tex/generic/gettitlestring/gettitlestring.s
ty
Package: gettitlestring 2019/12/15 v1.6 Cleanup title references (HO)
)
\c@section@level=\count447
)
LaTeX Info: Redefining \ref on input line 422.
LaTeX Info: Redefining \pageref on input line 422.
LaTeX Info: Redefining \nameref on input line 422.
 (./release.out) (./release.out)
\@outlinefile=\write9
\openout9 = `release.out'.

Package caption Info: Begin \AtBeginDocument code.
Package caption Info: listings package is loaded.
Package caption Info: End \AtBeginDocument code.
\c@lstlisting=\count448

(/usr/local/texlive/2019/texmf-dist/tex/latex/fmtcount/fc-english.def
File: fc-english.def 2016/01/12
)
Package lastpage Info: Please have a look at the pageslts package at
(lastpage)             https://www.ctan.org/pkg/pageslts
(lastpage)             ! on input line 422.

ABD: EveryShipout initializing macros
LaTeX Font Info:    Trying to load font information for U+msa on input line 427
.

(/usr/local/texlive/2019/texmf-dist/tex/latex/amsfonts/umsa.fd
File: umsa.fd 2013/01/14 v3.01 AMS symbols A
)
LaTeX Font Info:    Trying to load font information for U+msb on input line 427
.

(/usr/local/texlive/2019/texmf-dist/tex/latex/amsfonts/umsb.fd
File: umsb.fd 2013/01/14 v3.01 AMS symbols B
)
LaTeX Font Info:    Trying to load font information for U+wasy on input line 42
7.

(/usr/local/texlive/2019/texmf-dist/tex/latex/wasysym/uwasy.fd
File: uwasy.fd 2020/01/19 v2.4 Wasy-2 symbol font definitions
)

LaTeX Font Warning: Font shape `U/wasy/b/n' in size <9> not available
(Font)              Font shape `U/wasy/m/n' tried instead on input line 427.


LaTeX Font Warning: Font shape `U/wasy/b/n' in size <6> not available
(Font)              Font shape `U/wasy/m/n' tried instead on input line 427.


LaTeX Font Warning: Font shape `U/wasy/b/n' in size <5> not available
(Font)              Font shape `U/wasy/m/n' tried instead on input line 427.

LaTeX Font Info:    Trying to load font information for OT1+pcr on input line 4
31.
(/usr/local/texlive/2019/texmf-dist/tex/latex/psnfss/ot1pcr.fd
File: ot1pcr.fd 2001/06/04 font definitions for OT1/pcr.
)

LaTeX Font Warning: Font shape `U/wasy/b/n' in size <8> not available
(Font)              Font shape `U/wasy/m/n' tried instead on input line 431.


Overfull \hbox (21.89998pt too wide) in paragraph at lines 442--443
[][] 
 []

LaTeX Font Info:    Trying to load font information for TS1+ptm on input line 4
47.
(/usr/local/texlive/2019/texmf-dist/tex/latex/psnfss/ts1ptm.fd
File: ts1ptm.fd 2001/06/04 font definitions for TS1/ptm.
) [1{/usr/local/texlive/2019/texmf-var/fonts/map/pdftex/updmap/pdftex.map}

]
Underfull \hbox (badness 2088) in paragraph at lines 511--511
[]\OT1/ptm/m/n/10.95 EJML is a pure Java lin-ear al-ge-bra pack-age with three 
in-ter-faces. We strongly rec-om-
 []


Overfull \hbox (21.89998pt too wide) in paragraph at lines 511--512
[][] 
 []

[2] [3

]
Underfull \hbox (badness 10000) in paragraph at lines 614--615

 []

[4

] [5] [6] [7] [8

]
LaTeX Font Info:    Trying to load font information for OMS+pcr on input line 8
13.

(/usr/local/texlive/2019/texmf-dist/tex/latex/psnfss/omspcr.fd
File: omspcr.fd 
)
LaTeX Font Info:    Font shape `OMS/pcr/m/n' in size <10.95> not available
(Font)              Font shape `OMS/cmsy/m/n' tried instead on input line 813.

Overfull \hbox (21.89998pt too wide) in paragraph at lines 813--814
[] 
 []


Overfull \hbox (41.80292pt too wide) in paragraph at lines 817--824
[]\OT1/ptm/m/n/10.95 Using the full-data set \OT1/ptm/b/n/10.95 train-words.txt
 \OT1/ptm/m/n/10.95 in the hand-out us-ing your im-ple-men-ta-tion of \OT1/pcr/
m/n/10.95 learnhmm.\OMS/cmsy/m/n/10.95 f\OT1/pcr/m/n/10.95 py|java|cpp|m\OMS/cm
sy/m/n/10.95 g
 []


Underfull \hbox (badness 3250) in paragraph at lines 829--829
[]|\OT1/ptm/m/n/10.95 Test av-er-age log-
 []


Overfull \hbox (13.94182pt too wide) in paragraph at lines 839--839
[][] 
 []

[9

] [10]
Overfull \hbox (13.94182pt too wide) in paragraph at lines 852--852
[][] 
 []

[11]
Underfull \hbox (badness 10000) in paragraph at lines 882--885

 []

[12

]
Underfull \hbox (badness 10000) in paragraph at lines 888--891

 []


Underfull \hbox (badness 10000) in paragraph at lines 897--900

 []

[13]
LaTeX Font Info:    Trying to load font information for TS1+pcr on input line 9
21.
 (/usr/local/texlive/2019/texmf-dist/tex/latex/psnfss/ts1pcr.fd
File: ts1pcr.fd 2001/06/04 font definitions for TS1/pcr.
)
Overfull \hbox (42.86604pt too wide) in paragraph at lines 928--930
[]\OT1/ptm/m/n/10.95 Where above \OT1/pcr/m/n/10.95 [args...] \OT1/ptm/m/n/10.9
5 is a place-holder for six command-line ar-gu-ments:\OT1/pcr/m/n/10.95 <train[
]input> <index[]to[]word>
 []


Overfull \hbox (31.29749pt too wide) in paragraph at lines 952--953
[]\OT1/ptm/m/n/10.95 where $\OML/cmm/m/it/10.95 P\OT1/cmr/m/n/10.95 (\OML/cmm/m
/it/10.95 y[] \OT1/cmr/m/n/10.95 = \OML/cmm/m/it/10.95 s[]\OMS/cmsy/m/n/10.95 j
\OML/cmm/m/it/10.95 x[]; :::; x[]\OT1/cmr/m/n/10.95 )$ \OT1/ptm/m/n/10.95 is co
m-puted by pass-ing for-ward re-cur-sively through the model and $\OML/cmm/m/it
/10.95 P\OT1/cmr/m/n/10.95 (\OML/cmm/m/it/10.95 x[]; :::; x[]\OMS/cmsy/m/n/10.9
5 j\OML/cmm/m/it/10.95 y[] \OT1/cmr/m/n/10.95 =
 []

[14] [15]
Overfull \hbox (64.79887pt too wide) in paragraph at lines 1028--1029
\OT1/ptm/m/n/10.95 You should now im-ple-ment your forward-backward al-go-rithm
 as a pro-gram, \OT1/pcr/m/n/10.95 forwardbackward.\OMS/cmsy/m/n/10.95 f\OT1/pc
r/m/n/10.95 py|java|cpp|m\OMS/cmsy/m/n/10.95 g\OT1/ptm/m/n/10.95 .
 []


Overfull \hbox (48.01259pt too wide) in paragraph at lines 1038--1040
[]\OT1/ptm/m/n/10.95 Where above \OT1/pcr/m/n/10.95 [args...] \OT1/ptm/m/n/10.9
5 is a place-holder for seven command-line ar-gu-ments:\OT1/pcr/m/n/10.95 <test
[]input> <index[]to[]word>
 []


Overfull \hbox (5.9124pt too wide) in paragraph at lines 1038--1040
\OT1/pcr/m/n/10.95 <index[]to[]tag> <hmmprior> <hmmemit> <hmmtrans> <predicted[
]file> <metric[]file>\OT1/ptm/m/n/10.95 .
 []

[16]
Overfull \hbox (24.08522pt too wide) in paragraph at lines 1054--1055
[][][][][][][][][][][][][][][][][][][][] 
 []

[17]
Overfull \hbox (12.25172pt too wide) in paragraph at lines 1104--1107
\OT1/ptm/m/n/10.95 You should sub-mit your \OT1/pcr/m/n/10.95 learnhmm.\OMS/cms
y/m/n/10.95 f\OT1/pcr/m/n/10.95 py|m|java|cpp\OMS/cmsy/m/n/10.95 g \OT1/ptm/m/n
/10.95 and \OT1/pcr/m/n/10.95 forwardbackward.\OMS/cmsy/m/n/10.95 f\OT1/pcr/m/n
/10.95 py|m|java|cpp\OMS/cmsy/m/n/10.95 g
 []

[18]
This exam contains 11 questions with 0 parts, 0 subparts, and 0 subsubparts.
This exam has a total of 18 points.
This exam has a total of 0 bonus points.

Class exam Warning: Point totals have changed. Rerun to get point totals right.



AED: lastpage setting LastPage
Package atveryend Info: Empty hook `BeforeClearDocument' on input line 1120.
Package atveryend Info: Empty hook `AfterLastShipout' on input line 1120.
(./release.aux)
Package atveryend Info: Executing hook `AtVeryEndDocument' on input line 1120.
Package atveryend Info: Executing hook `AtEndAfterFileList' on input line 1120.

Package rerunfilecheck Info: File `release.out' has not changed.
(rerunfilecheck)             Checksum: F7EA17B499C5C591662355034A20B867;1076.


LaTeX Warning: There were multiply-defined labels.

Package atveryend Info: Empty hook `AtVeryVeryEnd' on input line 1120.
 ) 
Here is how much of TeX's memory you used:
 34936 strings out of 481242
 690384 string characters out of 5917990
 1069785 words of memory out of 5000000
 49363 multiletter control sequences out of 15000+600000
 585691 words of font info for 163 fonts, out of 8000000 for 9000
 1141 hyphenation exceptions out of 8191
 60i,12n,95p,1196b,1681s stack positions out of 5000i,500n,10000p,200000b,80000s
{/usr/local/texlive/2019/texmf-dist/fonts/enc/dvips/base/8r.enc}</usr/local/t
exlive/2019/texmf-dist/fonts/type1/public/amsfonts/cm/cmbx10.pfb></usr/local/te
xlive/2019/texmf-dist/fonts/type1/public/amsfonts/cm/cmex10.pfb></usr/local/tex
live/2019/texmf-dist/fonts/type1/public/amsfonts/cmextra/cmex8.pfb></usr/local/
texlive/2019/texmf-dist/fonts/type1/public/amsfonts/cm/cmmi10.pfb></usr/local/t
exlive/2019/texmf-dist/fonts/type1/public/amsfonts/cm/cmmi6.pfb></usr/local/tex
live/2019/texmf-dist/fonts/type1/public/amsfonts/cm/cmmi8.pfb></usr/local/texli
ve/2019/texmf-dist/fonts/type1/public/amsfonts/cm/cmmib10.pfb></usr/local/texli
ve/2019/texmf-dist/fonts/type1/public/amsfonts/cm/cmr10.pfb></usr/local/texlive
/2019/texmf-dist/fonts/type1/public/amsfonts/cm/cmr6.pfb></usr/local/texlive/20
19/texmf-dist/fonts/type1/public/amsfonts/cm/cmr8.pfb></usr/local/texlive/2019/
texmf-dist/fonts/type1/public/amsfonts/cm/cmsy10.pfb></usr/local/texlive/2019/t
exmf-dist/fonts/type1/public/amsfonts/cm/cmsy8.pfb></usr/local/texlive/2019/tex
mf-dist/fonts/type1/public/amsfonts/latxfont/line10.pfb></usr/local/texlive/201
9/texmf-dist/fonts/type1/public/amsfonts/symbols/msam10.pfb></usr/local/texlive
/2019/texmf-dist/fonts/type1/urw/courier/ucrb8a.pfb></usr/local/texlive/2019/te
xmf-dist/fonts/type1/urw/courier/ucrr8a.pfb></usr/local/texlive/2019/texmf-dist
/fonts/type1/urw/times/utmb8a.pfb></usr/local/texlive/2019/texmf-dist/fonts/typ
e1/urw/times/utmr8a.pfb></usr/local/texlive/2019/texmf-dist/fonts/type1/urw/tim
es/utmri8a.pfb></usr/local/texlive/2019/texmf-dist/fonts/type1/public/wasy-type
1/wasy10.pfb>
Output written on release.pdf (18 pages, 237963 bytes).
PDF statistics:
 343 PDF objects out of 1000 (max. 8388607)
 300 compressed objects within 3 object streams
 100 named destinations out of 1000 (max. 500000)
 125 words of extra memory for PDF output out of 10000 (max. 10000000)

